<?xml version="1.0" encoding="UTF-8"?>
<!-- Generated by org.testng.reporters.JUnitReportReporter -->
<testsuite skipped="0" hostname="LAPTOP-6EQFEA3P" name="RavinderPOM.RavinderPOM.ClaimsSubmissionTest" tests="3" failures="0" timestamp="19 Feb 2021 03:21:42 GMT" time="49.898" errors="0">
  <testcase name="login" time="27.377" classname="RavinderPOM.RavinderPOM.ClaimsSubmissionTest"/>
  <testcase name="claims" time="13.979" classname="RavinderPOM.RavinderPOM.ClaimsSubmissionTest"/>
  <testcase name="logout" time="8.542" classname="RavinderPOM.RavinderPOM.ClaimsSubmissionTest"/>
</testsuite> <!-- RavinderPOM.RavinderPOM.ClaimsSubmissionTest -->
