<?xml version="1.0" encoding="UTF-8"?>
<!-- Generated by org.testng.reporters.JUnitReportReporter -->
<testsuite skipped="0" hostname="LAPTOP-6EQFEA3P" name="RavinderPOM.RavinderPOM.RestAssuredTest" tests="1" failures="0" timestamp="15 Feb 2021 22:05:33 GMT" time="3.138" errors="0">
  <testcase name="testPostAPI" time="3.138" classname="RavinderPOM.RavinderPOM.RestAssuredTest"/>
</testsuite> <!-- RavinderPOM.RavinderPOM.RestAssuredTest -->
