<?xml version="1.0" encoding="UTF-8"?>
<!-- Generated by org.testng.reporters.JUnitReportReporter -->
<testsuite skipped="0" hostname="LAPTOP-6EQFEA3P" name="RavinderPOM.RavinderPOM.LoginTest" tests="1" failures="0" timestamp="14 Feb 2021 04:18:07 GMT" time="30.811" errors="0">
  <testcase name="test" time="30.811" classname="RavinderPOM.RavinderPOM.LoginTest"/>
</testsuite> <!-- RavinderPOM.RavinderPOM.LoginTest -->
