<?xml version="1.0" encoding="UTF-8"?>
<!-- Generated by org.testng.reporters.JUnitReportReporter -->
<testsuite skipped="0" hostname="LAPTOP-6EQFEA3P" name="RavinderPOM.RavinderPOM.CoverageTest" tests="1" failures="0" timestamp="19 Feb 2021 01:42:53 GMT" time="37.517" errors="0">
  <testcase name="coverTest" time="37.517" classname="RavinderPOM.RavinderPOM.CoverageTest"/>
</testsuite> <!-- RavinderPOM.RavinderPOM.CoverageTest -->
