<?xml version="1.0" encoding="UTF-8"?>
<!-- Generated by org.testng.reporters.JUnitReportReporter -->
<testsuite skipped="0" hostname="LAPTOP-6EQFEA3P" name="RavinderPOM.RavinderPOM.ClaimTest" tests="1" failures="0" timestamp="20 Feb 2021 16:05:13 GMT" time="62.774" errors="0">
  <testcase name="test" time="62.774" classname="RavinderPOM.RavinderPOM.ClaimTest"/>
</testsuite> <!-- RavinderPOM.RavinderPOM.ClaimTest -->
